The system is: Linux - 5.15.0-53-generic - x86_64
Compiling the C compiler identification source file "CMakeCCompilerId.c" succeeded.
Compiler: /bin/cc 
Build flags: 
Id flags:  

The output was:
0


Compilation of the C compiler identification source "CMakeCCompilerId.c" produced "a.out"

The C compiler identification is GNU, found in "/work/ai_arm_learning/x3/x3_inference/build/CMakeFiles/3.14.5/CompilerIdC/a.out"

Compiling the CXX compiler identification source file "CMakeCXXCompilerId.cpp" succeeded.
Compiler: /bin/c++ 
Build flags: 
Id flags:  

The output was:
0


Compilation of the CXX compiler identification source "CMakeCXXCompilerId.cpp" produced "a.out"

The CXX compiler identification is GNU, found in "/work/ai_arm_learning/x3/x3_inference/build/CMakeFiles/3.14.5/CompilerIdCXX/a.out"

Determining if the C compiler works passed with the following output:
Change Dir: /work/ai_arm_learning/x3/x3_inference/build/CMakeFiles/CMakeTmp

Run Build Command(s):/bin/gmake cmTC_d5ec4/fast 
/bin/gmake -f CMakeFiles/cmTC_d5ec4.dir/build.make CMakeFiles/cmTC_d5ec4.dir/build
gmake[1]: Entering directory '/work/ai_arm_learning/x3/x3_inference/build/CMakeFiles/CMakeTmp'
Building C object CMakeFiles/cmTC_d5ec4.dir/testCCompiler.c.o
/bin/cc    -o CMakeFiles/cmTC_d5ec4.dir/testCCompiler.c.o   -c /work/ai_arm_learning/x3/x3_inference/build/CMakeFiles/CMakeTmp/testCCompiler.c
Linking C executable cmTC_d5ec4
/cmake-3.14.5-Linux-x86_64/bin/cmake -E cmake_link_script CMakeFiles/cmTC_d5ec4.dir/link.txt --verbose=1
/bin/cc      -rdynamic CMakeFiles/cmTC_d5ec4.dir/testCCompiler.c.o  -o cmTC_d5ec4 
gmake[1]: Leaving directory '/work/ai_arm_learning/x3/x3_inference/build/CMakeFiles/CMakeTmp'


Detecting C compiler ABI info compiled with the following output:
Change Dir: /work/ai_arm_learning/x3/x3_inference/build/CMakeFiles/CMakeTmp

Run Build Command(s):/bin/gmake cmTC_02ae5/fast 
/bin/gmake -f CMakeFiles/cmTC_02ae5.dir/build.make CMakeFiles/cmTC_02ae5.dir/build
gmake[1]: Entering directory '/work/ai_arm_learning/x3/x3_inference/build/CMakeFiles/CMakeTmp'
Building C object CMakeFiles/cmTC_02ae5.dir/CMakeCCompilerABI.c.o
/bin/cc   -v -o CMakeFiles/cmTC_02ae5.dir/CMakeCCompilerABI.c.o   -c /cmake-3.14.5-Linux-x86_64/share/cmake-3.14/Modules/CMakeCCompilerABI.c
Using built-in specs.
COLLECT_GCC=/bin/cc
Target: x86_64-unknown-linux-gnu
Configured with: ./configure --prefix=/usr/local/gcc-5.4.0 --enable-bootstrap --enable-checking=release --enable-threads=posix --enable-languages=c,c++ --with-system-zlib --disable-multilib
Thread model: posix
gcc version 5.4.0 (GCC) 
COLLECT_GCC_OPTIONS='-v' '-o' 'CMakeFiles/cmTC_02ae5.dir/CMakeCCompilerABI.c.o' '-c' '-mtune=generic' '-march=x86-64'
 /gcc-5.4.0/bin/../libexec/gcc/x86_64-unknown-linux-gnu/5.4.0/cc1 -quiet -v -iprefix /gcc-5.4.0/bin/../lib/gcc/x86_64-unknown-linux-gnu/5.4.0/ /cmake-3.14.5-Linux-x86_64/share/cmake-3.14/Modules/CMakeCCompilerABI.c -quiet -dumpbase CMakeCCompilerABI.c -mtune=generic -march=x86-64 -auxbase-strip CMakeFiles/cmTC_02ae5.dir/CMakeCCompilerABI.c.o -version -o /tmp/ccabnk53.s
GNU C11 (GCC) version 5.4.0 (x86_64-unknown-linux-gnu)
	compiled by GNU C version 5.4.0, GMP version 4.3.2, MPFR version 2.4.2, MPC version 0.8.1
GGC heuristics: --param ggc-min-expand=100 --param ggc-min-heapsize=131072
ignoring nonexistent directory "/gcc-5.4.0/bin/../lib/gcc/x86_64-unknown-linux-gnu/5.4.0/../../../../x86_64-unknown-linux-gnu/include"
ignoring duplicate directory "/gcc-5.4.0/bin/../lib/gcc/../../lib/gcc/x86_64-unknown-linux-gnu/5.4.0/include"
ignoring duplicate directory "/gcc-5.4.0/bin/../lib/gcc/../../lib/gcc/x86_64-unknown-linux-gnu/5.4.0/include-fixed"
ignoring nonexistent directory "/gcc-5.4.0/bin/../lib/gcc/../../lib/gcc/x86_64-unknown-linux-gnu/5.4.0/../../../../x86_64-unknown-linux-gnu/include"
#include "..." search starts here:
#include <...> search starts here:
 /gcc-5.4.0/bin/../lib/gcc/x86_64-unknown-linux-gnu/5.4.0/include
 /gcc-5.4.0/bin/../lib/gcc/x86_64-unknown-linux-gnu/5.4.0/include-fixed
 /usr/local/include
 /gcc-5.4.0/bin/../lib/gcc/../../include
 /usr/include
End of search list.
GNU C11 (GCC) version 5.4.0 (x86_64-unknown-linux-gnu)
	compiled by GNU C version 5.4.0, GMP version 4.3.2, MPFR version 2.4.2, MPC version 0.8.1
GGC heuristics: --param ggc-min-expand=100 --param ggc-min-heapsize=131072
Compiler executable checksum: 577725dff3455e3d43627f205c8c6bbf
COLLECT_GCC_OPTIONS='-v' '-o' 'CMakeFiles/cmTC_02ae5.dir/CMakeCCompilerABI.c.o' '-c' '-mtune=generic' '-march=x86-64'
 as -v --64 -o CMakeFiles/cmTC_02ae5.dir/CMakeCCompilerABI.c.o /tmp/ccabnk53.s
GNU assembler version 2.27 (x86_64-redhat-linux) using BFD version version 2.27-44.base.el7
COMPILER_PATH=/gcc-5.4.0/bin/../libexec/gcc/x86_64-unknown-linux-gnu/5.4.0/:/gcc-5.4.0/bin/../libexec/gcc/
LIBRARY_PATH=/gcc-5.4.0/bin/../lib/gcc/x86_64-unknown-linux-gnu/5.4.0/:/gcc-5.4.0/bin/../lib/gcc/:/gcc-5.4.0/bin/../lib/gcc/x86_64-unknown-linux-gnu/5.4.0/../../../../lib64/:/lib/../lib64/:/usr/lib/../lib64/:/usr/local/cuda/lib64/stubs/:/gcc-5.4.0/bin/../lib/gcc/x86_64-unknown-linux-gnu/5.4.0/../../../:/lib/:/usr/lib/
COLLECT_GCC_OPTIONS='-v' '-o' 'CMakeFiles/cmTC_02ae5.dir/CMakeCCompilerABI.c.o' '-c' '-mtune=generic' '-march=x86-64'
Linking C executable cmTC_02ae5
/cmake-3.14.5-Linux-x86_64/bin/cmake -E cmake_link_script CMakeFiles/cmTC_02ae5.dir/link.txt --verbose=1
/bin/cc     -v -rdynamic CMakeFiles/cmTC_02ae5.dir/CMakeCCompilerABI.c.o  -o cmTC_02ae5 
Using built-in specs.
COLLECT_GCC=/bin/cc
COLLECT_LTO_WRAPPER=/gcc-5.4.0/bin/../libexec/gcc/x86_64-unknown-linux-gnu/5.4.0/lto-wrapper
Target: x86_64-unknown-linux-gnu
Configured with: ./configure --prefix=/usr/local/gcc-5.4.0 --enable-bootstrap --enable-checking=release --enable-threads=posix --enable-languages=c,c++ --with-system-zlib --disable-multilib
Thread model: posix
gcc version 5.4.0 (GCC) 
COMPILER_PATH=/gcc-5.4.0/bin/../libexec/gcc/x86_64-unknown-linux-gnu/5.4.0/:/gcc-5.4.0/bin/../libexec/gcc/
LIBRARY_PATH=/gcc-5.4.0/bin/../lib/gcc/x86_64-unknown-linux-gnu/5.4.0/:/gcc-5.4.0/bin/../lib/gcc/:/gcc-5.4.0/bin/../lib/gcc/x86_64-unknown-linux-gnu/5.4.0/../../../../lib64/:/lib/../lib64/:/usr/lib/../lib64/:/usr/local/cuda/lib64/stubs/:/gcc-5.4.0/bin/../lib/gcc/x86_64-unknown-linux-gnu/5.4.0/../../../:/lib/:/usr/lib/
COLLECT_GCC_OPTIONS='-v' '-rdynamic' '-o' 'cmTC_02ae5' '-mtune=generic' '-march=x86-64'
 /gcc-5.4.0/bin/../libexec/gcc/x86_64-unknown-linux-gnu/5.4.0/collect2 -plugin /gcc-5.4.0/bin/../libexec/gcc/x86_64-unknown-linux-gnu/5.4.0/liblto_plugin.so -plugin-opt=/gcc-5.4.0/bin/../libexec/gcc/x86_64-unknown-linux-gnu/5.4.0/lto-wrapper -plugin-opt=-fresolution=/tmp/cc5dxa76.res -plugin-opt=-pass-through=-lgcc -plugin-opt=-pass-through=-lgcc_s -plugin-opt=-pass-through=-lc -plugin-opt=-pass-through=-lgcc -plugin-opt=-pass-through=-lgcc_s --eh-frame-hdr -m elf_x86_64 -export-dynamic -dynamic-linker /lib64/ld-linux-x86-64.so.2 -o cmTC_02ae5 /lib/../lib64/crt1.o /lib/../lib64/crti.o /gcc-5.4.0/bin/../lib/gcc/x86_64-unknown-linux-gnu/5.4.0/crtbegin.o -L/gcc-5.4.0/bin/../lib/gcc/x86_64-unknown-linux-gnu/5.4.0 -L/gcc-5.4.0/bin/../lib/gcc -L/gcc-5.4.0/bin/../lib/gcc/x86_64-unknown-linux-gnu/5.4.0/../../../../lib64 -L/lib/../lib64 -L/usr/lib/../lib64 -L/usr/local/cuda/lib64/stubs -L/gcc-5.4.0/bin/../lib/gcc/x86_64-unknown-linux-gnu/5.4.0/../../.. CMakeFiles/cmTC_02ae5.dir/CMakeCCompilerABI.c.o -lgcc --as-needed -lgcc_s --no-as-needed -lc -lgcc --as-needed -lgcc_s --no-as-needed /gcc-5.4.0/bin/../lib/gcc/x86_64-unknown-linux-gnu/5.4.0/crtend.o /lib/../lib64/crtn.o
gmake[1]: Leaving directory '/work/ai_arm_learning/x3/x3_inference/build/CMakeFiles/CMakeTmp'


Parsed C implicit include dir info from above output: rv=done
  found start of include info
  found start of implicit include info
    add: [/gcc-5.4.0/bin/../lib/gcc/x86_64-unknown-linux-gnu/5.4.0/include]
    add: [/gcc-5.4.0/bin/../lib/gcc/x86_64-unknown-linux-gnu/5.4.0/include-fixed]
    add: [/usr/local/include]
    add: [/gcc-5.4.0/bin/../lib/gcc/../../include]
    add: [/usr/include]
  end of search list found
  collapse include dir [/gcc-5.4.0/bin/../lib/gcc/x86_64-unknown-linux-gnu/5.4.0/include] ==> [/gcc-5.4.0/lib/gcc/x86_64-unknown-linux-gnu/5.4.0/include]
  collapse include dir [/gcc-5.4.0/bin/../lib/gcc/x86_64-unknown-linux-gnu/5.4.0/include-fixed] ==> [/gcc-5.4.0/lib/gcc/x86_64-unknown-linux-gnu/5.4.0/include-fixed]
  collapse include dir [/usr/local/include] ==> [/usr/local/include]
  collapse include dir [/gcc-5.4.0/bin/../lib/gcc/../../include] ==> [/gcc-5.4.0/include]
  collapse include dir [/usr/include] ==> [/usr/include]
  implicit include dirs: [/gcc-5.4.0/lib/gcc/x86_64-unknown-linux-gnu/5.4.0/include;/gcc-5.4.0/lib/gcc/x86_64-unknown-linux-gnu/5.4.0/include-fixed;/usr/local/include;/gcc-5.4.0/include;/usr/include]


Parsed C implicit link information from above output:
  link line regex: [^( *|.*[/\])(ld|CMAKE_LINK_STARTFILE-NOTFOUND|([^/\]+-)?ld|collect2)[^/\]*( |$)]
  ignore line: [Change Dir: /work/ai_arm_learning/x3/x3_inference/build/CMakeFiles/CMakeTmp]
  ignore line: []
  ignore line: [Run Build Command(s):/bin/gmake cmTC_02ae5/fast ]
  ignore line: [/bin/gmake -f CMakeFiles/cmTC_02ae5.dir/build.make CMakeFiles/cmTC_02ae5.dir/build]
  ignore line: [gmake[1]: Entering directory '/work/ai_arm_learning/x3/x3_inference/build/CMakeFiles/CMakeTmp']
  ignore line: [Building C object CMakeFiles/cmTC_02ae5.dir/CMakeCCompilerABI.c.o]
  ignore line: [/bin/cc   -v -o CMakeFiles/cmTC_02ae5.dir/CMakeCCompilerABI.c.o   -c /cmake-3.14.5-Linux-x86_64/share/cmake-3.14/Modules/CMakeCCompilerABI.c]
  ignore line: [Using built-in specs.]
  ignore line: [COLLECT_GCC=/bin/cc]
  ignore line: [Target: x86_64-unknown-linux-gnu]
  ignore line: [Configured with: ./configure --prefix=/usr/local/gcc-5.4.0 --enable-bootstrap --enable-checking=release --enable-threads=posix --enable-languages=c,c++ --with-system-zlib --disable-multilib]
  ignore line: [Thread model: posix]
  ignore line: [gcc version 5.4.0 (GCC) ]
  ignore line: [COLLECT_GCC_OPTIONS='-v' '-o' 'CMakeFiles/cmTC_02ae5.dir/CMakeCCompilerABI.c.o' '-c' '-mtune=generic' '-march=x86-64']
  ignore line: [ /gcc-5.4.0/bin/../libexec/gcc/x86_64-unknown-linux-gnu/5.4.0/cc1 -quiet -v -iprefix /gcc-5.4.0/bin/../lib/gcc/x86_64-unknown-linux-gnu/5.4.0/ /cmake-3.14.5-Linux-x86_64/share/cmake-3.14/Modules/CMakeCCompilerABI.c -quiet -dumpbase CMakeCCompilerABI.c -mtune=generic -march=x86-64 -auxbase-strip CMakeFiles/cmTC_02ae5.dir/CMakeCCompilerABI.c.o -version -o /tmp/ccabnk53.s]
  ignore line: [GNU C11 (GCC) version 5.4.0 (x86_64-unknown-linux-gnu)]
  ignore line: [	compiled by GNU C version 5.4.0, GMP version 4.3.2, MPFR version 2.4.2, MPC version 0.8.1]
  ignore line: [GGC heuristics: --param ggc-min-expand=100 --param ggc-min-heapsize=131072]
  ignore line: [ignoring nonexistent directory "/gcc-5.4.0/bin/../lib/gcc/x86_64-unknown-linux-gnu/5.4.0/../../../../x86_64-unknown-linux-gnu/include"]
  ignore line: [ignoring duplicate directory "/gcc-5.4.0/bin/../lib/gcc/../../lib/gcc/x86_64-unknown-linux-gnu/5.4.0/include"]
  ignore line: [ignoring duplicate directory "/gcc-5.4.0/bin/../lib/gcc/../../lib/gcc/x86_64-unknown-linux-gnu/5.4.0/include-fixed"]
  ignore line: [ignoring nonexistent directory "/gcc-5.4.0/bin/../lib/gcc/../../lib/gcc/x86_64-unknown-linux-gnu/5.4.0/../../../../x86_64-unknown-linux-gnu/include"]
  ignore line: [#include "..." search starts here:]
  ignore line: [#include <...> search starts here:]
  ignore line: [ /gcc-5.4.0/bin/../lib/gcc/x86_64-unknown-linux-gnu/5.4.0/include]
  ignore line: [ /gcc-5.4.0/bin/../lib/gcc/x86_64-unknown-linux-gnu/5.4.0/include-fixed]
  ignore line: [ /usr/local/include]
  ignore line: [ /gcc-5.4.0/bin/../lib/gcc/../../include]
  ignore line: [ /usr/include]
  ignore line: [End of search list.]
  ignore line: [GNU C11 (GCC) version 5.4.0 (x86_64-unknown-linux-gnu)]
  ignore line: [	compiled by GNU C version 5.4.0, GMP version 4.3.2, MPFR version 2.4.2, MPC version 0.8.1]
  ignore line: [GGC heuristics: --param ggc-min-expand=100 --param ggc-min-heapsize=131072]
  ignore line: [Compiler executable checksum: 577725dff3455e3d43627f205c8c6bbf]
  ignore line: [COLLECT_GCC_OPTIONS='-v' '-o' 'CMakeFiles/cmTC_02ae5.dir/CMakeCCompilerABI.c.o' '-c' '-mtune=generic' '-march=x86-64']
  ignore line: [ as -v --64 -o CMakeFiles/cmTC_02ae5.dir/CMakeCCompilerABI.c.o /tmp/ccabnk53.s]
  ignore line: [GNU assembler version 2.27 (x86_64-redhat-linux) using BFD version version 2.27-44.base.el7]
  ignore line: [COMPILER_PATH=/gcc-5.4.0/bin/../libexec/gcc/x86_64-unknown-linux-gnu/5.4.0/:/gcc-5.4.0/bin/../libexec/gcc/]
  ignore line: [LIBRARY_PATH=/gcc-5.4.0/bin/../lib/gcc/x86_64-unknown-linux-gnu/5.4.0/:/gcc-5.4.0/bin/../lib/gcc/:/gcc-5.4.0/bin/../lib/gcc/x86_64-unknown-linux-gnu/5.4.0/../../../../lib64/:/lib/../lib64/:/usr/lib/../lib64/:/usr/local/cuda/lib64/stubs/:/gcc-5.4.0/bin/../lib/gcc/x86_64-unknown-linux-gnu/5.4.0/../../../:/lib/:/usr/lib/]
  ignore line: [COLLECT_GCC_OPTIONS='-v' '-o' 'CMakeFiles/cmTC_02ae5.dir/CMakeCCompilerABI.c.o' '-c' '-mtune=generic' '-march=x86-64']
  ignore line: [Linking C executable cmTC_02ae5]
  ignore line: [/cmake-3.14.5-Linux-x86_64/bin/cmake -E cmake_link_script CMakeFiles/cmTC_02ae5.dir/link.txt --verbose=1]
  ignore line: [/bin/cc     -v -rdynamic CMakeFiles/cmTC_02ae5.dir/CMakeCCompilerABI.c.o  -o cmTC_02ae5 ]
  ignore line: [Using built-in specs.]
  ignore line: [COLLECT_GCC=/bin/cc]
  ignore line: [COLLECT_LTO_WRAPPER=/gcc-5.4.0/bin/../libexec/gcc/x86_64-unknown-linux-gnu/5.4.0/lto-wrapper]
  ignore line: [Target: x86_64-unknown-linux-gnu]
  ignore line: [Configured with: ./configure --prefix=/usr/local/gcc-5.4.0 --enable-bootstrap --enable-checking=release --enable-threads=posix --enable-languages=c,c++ --with-system-zlib --disable-multilib]
  ignore line: [Thread model: posix]
  ignore line: [gcc version 5.4.0 (GCC) ]
  ignore line: [COMPILER_PATH=/gcc-5.4.0/bin/../libexec/gcc/x86_64-unknown-linux-gnu/5.4.0/:/gcc-5.4.0/bin/../libexec/gcc/]
  ignore line: [LIBRARY_PATH=/gcc-5.4.0/bin/../lib/gcc/x86_64-unknown-linux-gnu/5.4.0/:/gcc-5.4.0/bin/../lib/gcc/:/gcc-5.4.0/bin/../lib/gcc/x86_64-unknown-linux-gnu/5.4.0/../../../../lib64/:/lib/../lib64/:/usr/lib/../lib64/:/usr/local/cuda/lib64/stubs/:/gcc-5.4.0/bin/../lib/gcc/x86_64-unknown-linux-gnu/5.4.0/../../../:/lib/:/usr/lib/]
  ignore line: [COLLECT_GCC_OPTIONS='-v' '-rdynamic' '-o' 'cmTC_02ae5' '-mtune=generic' '-march=x86-64']
  link line: [ /gcc-5.4.0/bin/../libexec/gcc/x86_64-unknown-linux-gnu/5.4.0/collect2 -plugin /gcc-5.4.0/bin/../libexec/gcc/x86_64-unknown-linux-gnu/5.4.0/liblto_plugin.so -plugin-opt=/gcc-5.4.0/bin/../libexec/gcc/x86_64-unknown-linux-gnu/5.4.0/lto-wrapper -plugin-opt=-fresolution=/tmp/cc5dxa76.res -plugin-opt=-pass-through=-lgcc -plugin-opt=-pass-through=-lgcc_s -plugin-opt=-pass-through=-lc -plugin-opt=-pass-through=-lgcc -plugin-opt=-pass-through=-lgcc_s --eh-frame-hdr -m elf_x86_64 -export-dynamic -dynamic-linker /lib64/ld-linux-x86-64.so.2 -o cmTC_02ae5 /lib/../lib64/crt1.o /lib/../lib64/crti.o /gcc-5.4.0/bin/../lib/gcc/x86_64-unknown-linux-gnu/5.4.0/crtbegin.o -L/gcc-5.4.0/bin/../lib/gcc/x86_64-unknown-linux-gnu/5.4.0 -L/gcc-5.4.0/bin/../lib/gcc -L/gcc-5.4.0/bin/../lib/gcc/x86_64-unknown-linux-gnu/5.4.0/../../../../lib64 -L/lib/../lib64 -L/usr/lib/../lib64 -L/usr/local/cuda/lib64/stubs -L/gcc-5.4.0/bin/../lib/gcc/x86_64-unknown-linux-gnu/5.4.0/../../.. CMakeFiles/cmTC_02ae5.dir/CMakeCCompilerABI.c.o -lgcc --as-needed -lgcc_s --no-as-needed -lc -lgcc --as-needed -lgcc_s --no-as-needed /gcc-5.4.0/bin/../lib/gcc/x86_64-unknown-linux-gnu/5.4.0/crtend.o /lib/../lib64/crtn.o]
    arg [/gcc-5.4.0/bin/../libexec/gcc/x86_64-unknown-linux-gnu/5.4.0/collect2] ==> ignore
    arg [-plugin] ==> ignore
    arg [/gcc-5.4.0/bin/../libexec/gcc/x86_64-unknown-linux-gnu/5.4.0/liblto_plugin.so] ==> ignore
    arg [-plugin-opt=/gcc-5.4.0/bin/../libexec/gcc/x86_64-unknown-linux-gnu/5.4.0/lto-wrapper] ==> ignore
    arg [-plugin-opt=-fresolution=/tmp/cc5dxa76.res] ==> ignore
    arg [-plugin-opt=-pass-through=-lgcc] ==> ignore
    arg [-plugin-opt=-pass-through=-lgcc_s] ==> ignore
    arg [-plugin-opt=-pass-through=-lc] ==> ignore
    arg [-plugin-opt=-pass-through=-lgcc] ==> ignore
    arg [-plugin-opt=-pass-through=-lgcc_s] ==> ignore
    arg [--eh-frame-hdr] ==> ignore
    arg [-m] ==> ignore
    arg [elf_x86_64] ==> ignore
    arg [-export-dynamic] ==> ignore
    arg [-dynamic-linker] ==> ignore
    arg [/lib64/ld-linux-x86-64.so.2] ==> ignore
    arg [-o] ==> ignore
    arg [cmTC_02ae5] ==> ignore
    arg [/lib/../lib64/crt1.o] ==> ignore
    arg [/lib/../lib64/crti.o] ==> ignore
    arg [/gcc-5.4.0/bin/../lib/gcc/x86_64-unknown-linux-gnu/5.4.0/crtbegin.o] ==> ignore
    arg [-L/gcc-5.4.0/bin/../lib/gcc/x86_64-unknown-linux-gnu/5.4.0] ==> dir [/gcc-5.4.0/bin/../lib/gcc/x86_64-unknown-linux-gnu/5.4.0]
    arg [-L/gcc-5.4.0/bin/../lib/gcc] ==> dir [/gcc-5.4.0/bin/../lib/gcc]
    arg [-L/gcc-5.4.0/bin/../lib/gcc/x86_64-unknown-linux-gnu/5.4.0/../../../../lib64] ==> dir [/gcc-5.4.0/bin/../lib/gcc/x86_64-unknown-linux-gnu/5.4.0/../../../../lib64]
    arg [-L/lib/../lib64] ==> dir [/lib/../lib64]
    arg [-L/usr/lib/../lib64] ==> dir [/usr/lib/../lib64]
    arg [-L/usr/local/cuda/lib64/stubs] ==> dir [/usr/local/cuda/lib64/stubs]
    arg [-L/gcc-5.4.0/bin/../lib/gcc/x86_64-unknown-linux-gnu/5.4.0/../../..] ==> dir [/gcc-5.4.0/bin/../lib/gcc/x86_64-unknown-linux-gnu/5.4.0/../../..]
    arg [CMakeFiles/cmTC_02ae5.dir/CMakeCCompilerABI.c.o] ==> ignore
    arg [-lgcc] ==> lib [gcc]
    arg [--as-needed] ==> ignore
    arg [-lgcc_s] ==> lib [gcc_s]
    arg [--no-as-needed] ==> ignore
    arg [-lc] ==> lib [c]
    arg [-lgcc] ==> lib [gcc]
    arg [--as-needed] ==> ignore
    arg [-lgcc_s] ==> lib [gcc_s]
    arg [--no-as-needed] ==> ignore
    arg [/gcc-5.4.0/bin/../lib/gcc/x86_64-unknown-linux-gnu/5.4.0/crtend.o] ==> ignore
    arg [/lib/../lib64/crtn.o] ==> ignore
  collapse library dir [/gcc-5.4.0/bin/../lib/gcc/x86_64-unknown-linux-gnu/5.4.0] ==> [/gcc-5.4.0/lib/gcc/x86_64-unknown-linux-gnu/5.4.0]
  collapse library dir [/gcc-5.4.0/bin/../lib/gcc] ==> [/gcc-5.4.0/lib/gcc]
  collapse library dir [/gcc-5.4.0/bin/../lib/gcc/x86_64-unknown-linux-gnu/5.4.0/../../../../lib64] ==> [/gcc-5.4.0/lib64]
  collapse library dir [/lib/../lib64] ==> [/lib64]
  collapse library dir [/usr/lib/../lib64] ==> [/usr/lib64]
  collapse library dir [/usr/local/cuda/lib64/stubs] ==> [/usr/local/cuda/lib64/stubs]
  collapse library dir [/gcc-5.4.0/bin/../lib/gcc/x86_64-unknown-linux-gnu/5.4.0/../../..] ==> [/gcc-5.4.0/lib]
  implicit libs: [gcc;gcc_s;c;gcc;gcc_s]
  implicit dirs: [/gcc-5.4.0/lib/gcc/x86_64-unknown-linux-gnu/5.4.0;/gcc-5.4.0/lib/gcc;/gcc-5.4.0/lib64;/lib64;/usr/lib64;/usr/local/cuda/lib64/stubs;/gcc-5.4.0/lib]
  implicit fwks: []




Detecting C [-std=c11] compiler features compiled with the following output:
Change Dir: /work/ai_arm_learning/x3/x3_inference/build/CMakeFiles/CMakeTmp

Run Build Command(s):/bin/gmake cmTC_801e3/fast 
/bin/gmake -f CMakeFiles/cmTC_801e3.dir/build.make CMakeFiles/cmTC_801e3.dir/build
gmake[1]: Entering directory '/work/ai_arm_learning/x3/x3_inference/build/CMakeFiles/CMakeTmp'
Building C object CMakeFiles/cmTC_801e3.dir/feature_tests.c.o
/bin/cc   -std=c11 -o CMakeFiles/cmTC_801e3.dir/feature_tests.c.o   -c /work/ai_arm_learning/x3/x3_inference/build/CMakeFiles/feature_tests.c
Linking C executable cmTC_801e3
/cmake-3.14.5-Linux-x86_64/bin/cmake -E cmake_link_script CMakeFiles/cmTC_801e3.dir/link.txt --verbose=1
/bin/cc      -rdynamic CMakeFiles/cmTC_801e3.dir/feature_tests.c.o  -o cmTC_801e3 
gmake[1]: Leaving directory '/work/ai_arm_learning/x3/x3_inference/build/CMakeFiles/CMakeTmp'


    Feature record: C_FEATURE:1c_function_prototypes
    Feature record: C_FEATURE:1c_restrict
    Feature record: C_FEATURE:1c_static_assert
    Feature record: C_FEATURE:1c_variadic_macros


Detecting C [-std=c99] compiler features compiled with the following output:
Change Dir: /work/ai_arm_learning/x3/x3_inference/build/CMakeFiles/CMakeTmp

Run Build Command(s):/bin/gmake cmTC_38432/fast 
/bin/gmake -f CMakeFiles/cmTC_38432.dir/build.make CMakeFiles/cmTC_38432.dir/build
gmake[1]: Entering directory '/work/ai_arm_learning/x3/x3_inference/build/CMakeFiles/CMakeTmp'
Building C object CMakeFiles/cmTC_38432.dir/feature_tests.c.o
/bin/cc   -std=c99 -o CMakeFiles/cmTC_38432.dir/feature_tests.c.o   -c /work/ai_arm_learning/x3/x3_inference/build/CMakeFiles/feature_tests.c
Linking C executable cmTC_38432
/cmake-3.14.5-Linux-x86_64/bin/cmake -E cmake_link_script CMakeFiles/cmTC_38432.dir/link.txt --verbose=1
/bin/cc      -rdynamic CMakeFiles/cmTC_38432.dir/feature_tests.c.o  -o cmTC_38432 
gmake[1]: Leaving directory '/work/ai_arm_learning/x3/x3_inference/build/CMakeFiles/CMakeTmp'


    Feature record: C_FEATURE:1c_function_prototypes
    Feature record: C_FEATURE:1c_restrict
    Feature record: C_FEATURE:0c_static_assert
    Feature record: C_FEATURE:1c_variadic_macros


Detecting C [-std=c90] compiler features compiled with the following output:
Change Dir: /work/ai_arm_learning/x3/x3_inference/build/CMakeFiles/CMakeTmp

Run Build Command(s):/bin/gmake cmTC_c2966/fast 
/bin/gmake -f CMakeFiles/cmTC_c2966.dir/build.make CMakeFiles/cmTC_c2966.dir/build
gmake[1]: Entering directory '/work/ai_arm_learning/x3/x3_inference/build/CMakeFiles/CMakeTmp'
Building C object CMakeFiles/cmTC_c2966.dir/feature_tests.c.o
/bin/cc   -std=c90 -o CMakeFiles/cmTC_c2966.dir/feature_tests.c.o   -c /work/ai_arm_learning/x3/x3_inference/build/CMakeFiles/feature_tests.c
Linking C executable cmTC_c2966
/cmake-3.14.5-Linux-x86_64/bin/cmake -E cmake_link_script CMakeFiles/cmTC_c2966.dir/link.txt --verbose=1
/bin/cc      -rdynamic CMakeFiles/cmTC_c2966.dir/feature_tests.c.o  -o cmTC_c2966 
gmake[1]: Leaving directory '/work/ai_arm_learning/x3/x3_inference/build/CMakeFiles/CMakeTmp'


    Feature record: C_FEATURE:1c_function_prototypes
    Feature record: C_FEATURE:0c_restrict
    Feature record: C_FEATURE:0c_static_assert
    Feature record: C_FEATURE:0c_variadic_macros
Determining if the CXX compiler works passed with the following output:
Change Dir: /work/ai_arm_learning/x3/x3_inference/build/CMakeFiles/CMakeTmp

Run Build Command(s):/bin/gmake cmTC_c3733/fast 
/bin/gmake -f CMakeFiles/cmTC_c3733.dir/build.make CMakeFiles/cmTC_c3733.dir/build
gmake[1]: Entering directory '/work/ai_arm_learning/x3/x3_inference/build/CMakeFiles/CMakeTmp'
Building CXX object CMakeFiles/cmTC_c3733.dir/testCXXCompiler.cxx.o
/bin/c++     -o CMakeFiles/cmTC_c3733.dir/testCXXCompiler.cxx.o -c /work/ai_arm_learning/x3/x3_inference/build/CMakeFiles/CMakeTmp/testCXXCompiler.cxx
Linking CXX executable cmTC_c3733
/cmake-3.14.5-Linux-x86_64/bin/cmake -E cmake_link_script CMakeFiles/cmTC_c3733.dir/link.txt --verbose=1
/bin/c++       -rdynamic CMakeFiles/cmTC_c3733.dir/testCXXCompiler.cxx.o  -o cmTC_c3733 
gmake[1]: Leaving directory '/work/ai_arm_learning/x3/x3_inference/build/CMakeFiles/CMakeTmp'


Detecting CXX compiler ABI info compiled with the following output:
Change Dir: /work/ai_arm_learning/x3/x3_inference/build/CMakeFiles/CMakeTmp

Run Build Command(s):/bin/gmake cmTC_454f7/fast 
/bin/gmake -f CMakeFiles/cmTC_454f7.dir/build.make CMakeFiles/cmTC_454f7.dir/build
gmake[1]: Entering directory '/work/ai_arm_learning/x3/x3_inference/build/CMakeFiles/CMakeTmp'
Building CXX object CMakeFiles/cmTC_454f7.dir/CMakeCXXCompilerABI.cpp.o
/bin/c++    -v -o CMakeFiles/cmTC_454f7.dir/CMakeCXXCompilerABI.cpp.o -c /cmake-3.14.5-Linux-x86_64/share/cmake-3.14/Modules/CMakeCXXCompilerABI.cpp
Using built-in specs.
COLLECT_GCC=/bin/c++
Target: x86_64-unknown-linux-gnu
Configured with: ./configure --prefix=/usr/local/gcc-5.4.0 --enable-bootstrap --enable-checking=release --enable-threads=posix --enable-languages=c,c++ --with-system-zlib --disable-multilib
Thread model: posix
gcc version 5.4.0 (GCC) 
COLLECT_GCC_OPTIONS='-v' '-o' 'CMakeFiles/cmTC_454f7.dir/CMakeCXXCompilerABI.cpp.o' '-c' '-shared-libgcc' '-mtune=generic' '-march=x86-64'
 /gcc-5.4.0/bin/../libexec/gcc/x86_64-unknown-linux-gnu/5.4.0/cc1plus -quiet -v -iprefix /gcc-5.4.0/bin/../lib/gcc/x86_64-unknown-linux-gnu/5.4.0/ -D_GNU_SOURCE /cmake-3.14.5-Linux-x86_64/share/cmake-3.14/Modules/CMakeCXXCompilerABI.cpp -quiet -dumpbase CMakeCXXCompilerABI.cpp -mtune=generic -march=x86-64 -auxbase-strip CMakeFiles/cmTC_454f7.dir/CMakeCXXCompilerABI.cpp.o -version -o /tmp/ccejhVbs.s
GNU C++ (GCC) version 5.4.0 (x86_64-unknown-linux-gnu)
	compiled by GNU C version 5.4.0, GMP version 4.3.2, MPFR version 2.4.2, MPC version 0.8.1
GGC heuristics: --param ggc-min-expand=100 --param ggc-min-heapsize=131072
ignoring nonexistent directory "/gcc-5.4.0/bin/../lib/gcc/x86_64-unknown-linux-gnu/5.4.0/../../../../x86_64-unknown-linux-gnu/include"
ignoring duplicate directory "/gcc-5.4.0/bin/../lib/gcc/../../lib/gcc/x86_64-unknown-linux-gnu/5.4.0/../../../../include/c++/5.4.0"
ignoring duplicate directory "/gcc-5.4.0/bin/../lib/gcc/../../lib/gcc/x86_64-unknown-linux-gnu/5.4.0/../../../../include/c++/5.4.0/x86_64-unknown-linux-gnu"
ignoring duplicate directory "/gcc-5.4.0/bin/../lib/gcc/../../lib/gcc/x86_64-unknown-linux-gnu/5.4.0/../../../../include/c++/5.4.0/backward"
ignoring duplicate directory "/gcc-5.4.0/bin/../lib/gcc/../../lib/gcc/x86_64-unknown-linux-gnu/5.4.0/include"
ignoring duplicate directory "/gcc-5.4.0/bin/../lib/gcc/../../lib/gcc/x86_64-unknown-linux-gnu/5.4.0/include-fixed"
ignoring nonexistent directory "/gcc-5.4.0/bin/../lib/gcc/../../lib/gcc/x86_64-unknown-linux-gnu/5.4.0/../../../../x86_64-unknown-linux-gnu/include"
#include "..." search starts here:
#include <...> search starts here:
 /gcc-5.4.0/bin/../lib/gcc/x86_64-unknown-linux-gnu/5.4.0/../../../../include/c++/5.4.0
 /gcc-5.4.0/bin/../lib/gcc/x86_64-unknown-linux-gnu/5.4.0/../../../../include/c++/5.4.0/x86_64-unknown-linux-gnu
 /gcc-5.4.0/bin/../lib/gcc/x86_64-unknown-linux-gnu/5.4.0/../../../../include/c++/5.4.0/backward
 /gcc-5.4.0/bin/../lib/gcc/x86_64-unknown-linux-gnu/5.4.0/include
 /gcc-5.4.0/bin/../lib/gcc/x86_64-unknown-linux-gnu/5.4.0/include-fixed
 /usr/local/include
 /gcc-5.4.0/bin/../lib/gcc/../../include
 /usr/include
End of search list.
GNU C++ (GCC) version 5.4.0 (x86_64-unknown-linux-gnu)
	compiled by GNU C version 5.4.0, GMP version 4.3.2, MPFR version 2.4.2, MPC version 0.8.1
GGC heuristics: --param ggc-min-expand=100 --param ggc-min-heapsize=131072
Compiler executable checksum: 70b33ce791b39f3fc171122b28526fd9
COLLECT_GCC_OPTIONS='-v' '-o' 'CMakeFiles/cmTC_454f7.dir/CMakeCXXCompilerABI.cpp.o' '-c' '-shared-libgcc' '-mtune=generic' '-march=x86-64'
 as -v --64 -o CMakeFiles/cmTC_454f7.dir/CMakeCXXCompilerABI.cpp.o /tmp/ccejhVbs.s
GNU assembler version 2.27 (x86_64-redhat-linux) using BFD version version 2.27-44.base.el7
COMPILER_PATH=/gcc-5.4.0/bin/../libexec/gcc/x86_64-unknown-linux-gnu/5.4.0/:/gcc-5.4.0/bin/../libexec/gcc/
LIBRARY_PATH=/gcc-5.4.0/bin/../lib/gcc/x86_64-unknown-linux-gnu/5.4.0/:/gcc-5.4.0/bin/../lib/gcc/:/gcc-5.4.0/bin/../lib/gcc/x86_64-unknown-linux-gnu/5.4.0/../../../../lib64/:/lib/../lib64/:/usr/lib/../lib64/:/usr/local/cuda/lib64/stubs/:/gcc-5.4.0/bin/../lib/gcc/x86_64-unknown-linux-gnu/5.4.0/../../../:/lib/:/usr/lib/
COLLECT_GCC_OPTIONS='-v' '-o' 'CMakeFiles/cmTC_454f7.dir/CMakeCXXCompilerABI.cpp.o' '-c' '-shared-libgcc' '-mtune=generic' '-march=x86-64'
Linking CXX executable cmTC_454f7
/cmake-3.14.5-Linux-x86_64/bin/cmake -E cmake_link_script CMakeFiles/cmTC_454f7.dir/link.txt --verbose=1
/bin/c++      -v -rdynamic CMakeFiles/cmTC_454f7.dir/CMakeCXXCompilerABI.cpp.o  -o cmTC_454f7 
Using built-in specs.
COLLECT_GCC=/bin/c++
COLLECT_LTO_WRAPPER=/gcc-5.4.0/bin/../libexec/gcc/x86_64-unknown-linux-gnu/5.4.0/lto-wrapper
Target: x86_64-unknown-linux-gnu
Configured with: ./configure --prefix=/usr/local/gcc-5.4.0 --enable-bootstrap --enable-checking=release --enable-threads=posix --enable-languages=c,c++ --with-system-zlib --disable-multilib
Thread model: posix
gcc version 5.4.0 (GCC) 
COMPILER_PATH=/gcc-5.4.0/bin/../libexec/gcc/x86_64-unknown-linux-gnu/5.4.0/:/gcc-5.4.0/bin/../libexec/gcc/
LIBRARY_PATH=/gcc-5.4.0/bin/../lib/gcc/x86_64-unknown-linux-gnu/5.4.0/:/gcc-5.4.0/bin/../lib/gcc/:/gcc-5.4.0/bin/../lib/gcc/x86_64-unknown-linux-gnu/5.4.0/../../../../lib64/:/lib/../lib64/:/usr/lib/../lib64/:/usr/local/cuda/lib64/stubs/:/gcc-5.4.0/bin/../lib/gcc/x86_64-unknown-linux-gnu/5.4.0/../../../:/lib/:/usr/lib/
COLLECT_GCC_OPTIONS='-v' '-rdynamic' '-o' 'cmTC_454f7' '-shared-libgcc' '-mtune=generic' '-march=x86-64'
 /gcc-5.4.0/bin/../libexec/gcc/x86_64-unknown-linux-gnu/5.4.0/collect2 -plugin /gcc-5.4.0/bin/../libexec/gcc/x86_64-unknown-linux-gnu/5.4.0/liblto_plugin.so -plugin-opt=/gcc-5.4.0/bin/../libexec/gcc/x86_64-unknown-linux-gnu/5.4.0/lto-wrapper -plugin-opt=-fresolution=/tmp/ccQj6c1u.res -plugin-opt=-pass-through=-lgcc_s -plugin-opt=-pass-through=-lgcc -plugin-opt=-pass-through=-lc -plugin-opt=-pass-through=-lgcc_s -plugin-opt=-pass-through=-lgcc --eh-frame-hdr -m elf_x86_64 -export-dynamic -dynamic-linker /lib64/ld-linux-x86-64.so.2 -o cmTC_454f7 /lib/../lib64/crt1.o /lib/../lib64/crti.o /gcc-5.4.0/bin/../lib/gcc/x86_64-unknown-linux-gnu/5.4.0/crtbegin.o -L/gcc-5.4.0/bin/../lib/gcc/x86_64-unknown-linux-gnu/5.4.0 -L/gcc-5.4.0/bin/../lib/gcc -L/gcc-5.4.0/bin/../lib/gcc/x86_64-unknown-linux-gnu/5.4.0/../../../../lib64 -L/lib/../lib64 -L/usr/lib/../lib64 -L/usr/local/cuda/lib64/stubs -L/gcc-5.4.0/bin/../lib/gcc/x86_64-unknown-linux-gnu/5.4.0/../../.. CMakeFiles/cmTC_454f7.dir/CMakeCXXCompilerABI.cpp.o -lstdc++ -lm -lgcc_s -lgcc -lc -lgcc_s -lgcc /gcc-5.4.0/bin/../lib/gcc/x86_64-unknown-linux-gnu/5.4.0/crtend.o /lib/../lib64/crtn.o
gmake[1]: Leaving directory '/work/ai_arm_learning/x3/x3_inference/build/CMakeFiles/CMakeTmp'


Parsed CXX implicit include dir info from above output: rv=done
  found start of include info
  found start of implicit include info
    add: [/gcc-5.4.0/bin/../lib/gcc/x86_64-unknown-linux-gnu/5.4.0/../../../../include/c++/5.4.0]
    add: [/gcc-5.4.0/bin/../lib/gcc/x86_64-unknown-linux-gnu/5.4.0/../../../../include/c++/5.4.0/x86_64-unknown-linux-gnu]
    add: [/gcc-5.4.0/bin/../lib/gcc/x86_64-unknown-linux-gnu/5.4.0/../../../../include/c++/5.4.0/backward]
    add: [/gcc-5.4.0/bin/../lib/gcc/x86_64-unknown-linux-gnu/5.4.0/include]
    add: [/gcc-5.4.0/bin/../lib/gcc/x86_64-unknown-linux-gnu/5.4.0/include-fixed]
    add: [/usr/local/include]
    add: [/gcc-5.4.0/bin/../lib/gcc/../../include]
    add: [/usr/include]
  end of search list found
  collapse include dir [/gcc-5.4.0/bin/../lib/gcc/x86_64-unknown-linux-gnu/5.4.0/../../../../include/c++/5.4.0] ==> [/gcc-5.4.0/include/c++/5.4.0]
  collapse include dir [/gcc-5.4.0/bin/../lib/gcc/x86_64-unknown-linux-gnu/5.4.0/../../../../include/c++/5.4.0/x86_64-unknown-linux-gnu] ==> [/gcc-5.4.0/include/c++/5.4.0/x86_64-unknown-linux-gnu]
  collapse include dir [/gcc-5.4.0/bin/../lib/gcc/x86_64-unknown-linux-gnu/5.4.0/../../../../include/c++/5.4.0/backward] ==> [/gcc-5.4.0/include/c++/5.4.0/backward]
  collapse include dir [/gcc-5.4.0/bin/../lib/gcc/x86_64-unknown-linux-gnu/5.4.0/include] ==> [/gcc-5.4.0/lib/gcc/x86_64-unknown-linux-gnu/5.4.0/include]
  collapse include dir [/gcc-5.4.0/bin/../lib/gcc/x86_64-unknown-linux-gnu/5.4.0/include-fixed] ==> [/gcc-5.4.0/lib/gcc/x86_64-unknown-linux-gnu/5.4.0/include-fixed]
  collapse include dir [/usr/local/include] ==> [/usr/local/include]
  collapse include dir [/gcc-5.4.0/bin/../lib/gcc/../../include] ==> [/gcc-5.4.0/include]
  collapse include dir [/usr/include] ==> [/usr/include]
  implicit include dirs: [/gcc-5.4.0/include/c++/5.4.0;/gcc-5.4.0/include/c++/5.4.0/x86_64-unknown-linux-gnu;/gcc-5.4.0/include/c++/5.4.0/backward;/gcc-5.4.0/lib/gcc/x86_64-unknown-linux-gnu/5.4.0/include;/gcc-5.4.0/lib/gcc/x86_64-unknown-linux-gnu/5.4.0/include-fixed;/usr/local/include;/gcc-5.4.0/include;/usr/include]


Parsed CXX implicit link information from above output:
  link line regex: [^( *|.*[/\])(ld|CMAKE_LINK_STARTFILE-NOTFOUND|([^/\]+-)?ld|collect2)[^/\]*( |$)]
  ignore line: [Change Dir: /work/ai_arm_learning/x3/x3_inference/build/CMakeFiles/CMakeTmp]
  ignore line: []
  ignore line: [Run Build Command(s):/bin/gmake cmTC_454f7/fast ]
  ignore line: [/bin/gmake -f CMakeFiles/cmTC_454f7.dir/build.make CMakeFiles/cmTC_454f7.dir/build]
  ignore line: [gmake[1]: Entering directory '/work/ai_arm_learning/x3/x3_inference/build/CMakeFiles/CMakeTmp']
  ignore line: [Building CXX object CMakeFiles/cmTC_454f7.dir/CMakeCXXCompilerABI.cpp.o]
  ignore line: [/bin/c++    -v -o CMakeFiles/cmTC_454f7.dir/CMakeCXXCompilerABI.cpp.o -c /cmake-3.14.5-Linux-x86_64/share/cmake-3.14/Modules/CMakeCXXCompilerABI.cpp]
  ignore line: [Using built-in specs.]
  ignore line: [COLLECT_GCC=/bin/c++]
  ignore line: [Target: x86_64-unknown-linux-gnu]
  ignore line: [Configured with: ./configure --prefix=/usr/local/gcc-5.4.0 --enable-bootstrap --enable-checking=release --enable-threads=posix --enable-languages=c,c++ --with-system-zlib --disable-multilib]
  ignore line: [Thread model: posix]
  ignore line: [gcc version 5.4.0 (GCC) ]
  ignore line: [COLLECT_GCC_OPTIONS='-v' '-o' 'CMakeFiles/cmTC_454f7.dir/CMakeCXXCompilerABI.cpp.o' '-c' '-shared-libgcc' '-mtune=generic' '-march=x86-64']
  ignore line: [ /gcc-5.4.0/bin/../libexec/gcc/x86_64-unknown-linux-gnu/5.4.0/cc1plus -quiet -v -iprefix /gcc-5.4.0/bin/../lib/gcc/x86_64-unknown-linux-gnu/5.4.0/ -D_GNU_SOURCE /cmake-3.14.5-Linux-x86_64/share/cmake-3.14/Modules/CMakeCXXCompilerABI.cpp -quiet -dumpbase CMakeCXXCompilerABI.cpp -mtune=generic -march=x86-64 -auxbase-strip CMakeFiles/cmTC_454f7.dir/CMakeCXXCompilerABI.cpp.o -version -o /tmp/ccejhVbs.s]
  ignore line: [GNU C++ (GCC) version 5.4.0 (x86_64-unknown-linux-gnu)]
  ignore line: [	compiled by GNU C version 5.4.0, GMP version 4.3.2, MPFR version 2.4.2, MPC version 0.8.1]
  ignore line: [GGC heuristics: --param ggc-min-expand=100 --param ggc-min-heapsize=131072]
  ignore line: [ignoring nonexistent directory "/gcc-5.4.0/bin/../lib/gcc/x86_64-unknown-linux-gnu/5.4.0/../../../../x86_64-unknown-linux-gnu/include"]
  ignore line: [ignoring duplicate directory "/gcc-5.4.0/bin/../lib/gcc/../../lib/gcc/x86_64-unknown-linux-gnu/5.4.0/../../../../include/c++/5.4.0"]
  ignore line: [ignoring duplicate directory "/gcc-5.4.0/bin/../lib/gcc/../../lib/gcc/x86_64-unknown-linux-gnu/5.4.0/../../../../include/c++/5.4.0/x86_64-unknown-linux-gnu"]
  ignore line: [ignoring duplicate directory "/gcc-5.4.0/bin/../lib/gcc/../../lib/gcc/x86_64-unknown-linux-gnu/5.4.0/../../../../include/c++/5.4.0/backward"]
  ignore line: [ignoring duplicate directory "/gcc-5.4.0/bin/../lib/gcc/../../lib/gcc/x86_64-unknown-linux-gnu/5.4.0/include"]
  ignore line: [ignoring duplicate directory "/gcc-5.4.0/bin/../lib/gcc/../../lib/gcc/x86_64-unknown-linux-gnu/5.4.0/include-fixed"]
  ignore line: [ignoring nonexistent directory "/gcc-5.4.0/bin/../lib/gcc/../../lib/gcc/x86_64-unknown-linux-gnu/5.4.0/../../../../x86_64-unknown-linux-gnu/include"]
  ignore line: [#include "..." search starts here:]
  ignore line: [#include <...> search starts here:]
  ignore line: [ /gcc-5.4.0/bin/../lib/gcc/x86_64-unknown-linux-gnu/5.4.0/../../../../include/c++/5.4.0]
  ignore line: [ /gcc-5.4.0/bin/../lib/gcc/x86_64-unknown-linux-gnu/5.4.0/../../../../include/c++/5.4.0/x86_64-unknown-linux-gnu]
  ignore line: [ /gcc-5.4.0/bin/../lib/gcc/x86_64-unknown-linux-gnu/5.4.0/../../../../include/c++/5.4.0/backward]
  ignore line: [ /gcc-5.4.0/bin/../lib/gcc/x86_64-unknown-linux-gnu/5.4.0/include]
  ignore line: [ /gcc-5.4.0/bin/../lib/gcc/x86_64-unknown-linux-gnu/5.4.0/include-fixed]
  ignore line: [ /usr/local/include]
  ignore line: [ /gcc-5.4.0/bin/../lib/gcc/../../include]
  ignore line: [ /usr/include]
  ignore line: [End of search list.]
  ignore line: [GNU C++ (GCC) version 5.4.0 (x86_64-unknown-linux-gnu)]
  ignore line: [	compiled by GNU C version 5.4.0, GMP version 4.3.2, MPFR version 2.4.2, MPC version 0.8.1]
  ignore line: [GGC heuristics: --param ggc-min-expand=100 --param ggc-min-heapsize=131072]
  ignore line: [Compiler executable checksum: 70b33ce791b39f3fc171122b28526fd9]
  ignore line: [COLLECT_GCC_OPTIONS='-v' '-o' 'CMakeFiles/cmTC_454f7.dir/CMakeCXXCompilerABI.cpp.o' '-c' '-shared-libgcc' '-mtune=generic' '-march=x86-64']
  ignore line: [ as -v --64 -o CMakeFiles/cmTC_454f7.dir/CMakeCXXCompilerABI.cpp.o /tmp/ccejhVbs.s]
  ignore line: [GNU assembler version 2.27 (x86_64-redhat-linux) using BFD version version 2.27-44.base.el7]
  ignore line: [COMPILER_PATH=/gcc-5.4.0/bin/../libexec/gcc/x86_64-unknown-linux-gnu/5.4.0/:/gcc-5.4.0/bin/../libexec/gcc/]
  ignore line: [LIBRARY_PATH=/gcc-5.4.0/bin/../lib/gcc/x86_64-unknown-linux-gnu/5.4.0/:/gcc-5.4.0/bin/../lib/gcc/:/gcc-5.4.0/bin/../lib/gcc/x86_64-unknown-linux-gnu/5.4.0/../../../../lib64/:/lib/../lib64/:/usr/lib/../lib64/:/usr/local/cuda/lib64/stubs/:/gcc-5.4.0/bin/../lib/gcc/x86_64-unknown-linux-gnu/5.4.0/../../../:/lib/:/usr/lib/]
  ignore line: [COLLECT_GCC_OPTIONS='-v' '-o' 'CMakeFiles/cmTC_454f7.dir/CMakeCXXCompilerABI.cpp.o' '-c' '-shared-libgcc' '-mtune=generic' '-march=x86-64']
  ignore line: [Linking CXX executable cmTC_454f7]
  ignore line: [/cmake-3.14.5-Linux-x86_64/bin/cmake -E cmake_link_script CMakeFiles/cmTC_454f7.dir/link.txt --verbose=1]
  ignore line: [/bin/c++      -v -rdynamic CMakeFiles/cmTC_454f7.dir/CMakeCXXCompilerABI.cpp.o  -o cmTC_454f7 ]
  ignore line: [Using built-in specs.]
  ignore line: [COLLECT_GCC=/bin/c++]
  ignore line: [COLLECT_LTO_WRAPPER=/gcc-5.4.0/bin/../libexec/gcc/x86_64-unknown-linux-gnu/5.4.0/lto-wrapper]
  ignore line: [Target: x86_64-unknown-linux-gnu]
  ignore line: [Configured with: ./configure --prefix=/usr/local/gcc-5.4.0 --enable-bootstrap --enable-checking=release --enable-threads=posix --enable-languages=c,c++ --with-system-zlib --disable-multilib]
  ignore line: [Thread model: posix]
  ignore line: [gcc version 5.4.0 (GCC) ]
  ignore line: [COMPILER_PATH=/gcc-5.4.0/bin/../libexec/gcc/x86_64-unknown-linux-gnu/5.4.0/:/gcc-5.4.0/bin/../libexec/gcc/]
  ignore line: [LIBRARY_PATH=/gcc-5.4.0/bin/../lib/gcc/x86_64-unknown-linux-gnu/5.4.0/:/gcc-5.4.0/bin/../lib/gcc/:/gcc-5.4.0/bin/../lib/gcc/x86_64-unknown-linux-gnu/5.4.0/../../../../lib64/:/lib/../lib64/:/usr/lib/../lib64/:/usr/local/cuda/lib64/stubs/:/gcc-5.4.0/bin/../lib/gcc/x86_64-unknown-linux-gnu/5.4.0/../../../:/lib/:/usr/lib/]
  ignore line: [COLLECT_GCC_OPTIONS='-v' '-rdynamic' '-o' 'cmTC_454f7' '-shared-libgcc' '-mtune=generic' '-march=x86-64']
  link line: [ /gcc-5.4.0/bin/../libexec/gcc/x86_64-unknown-linux-gnu/5.4.0/collect2 -plugin /gcc-5.4.0/bin/../libexec/gcc/x86_64-unknown-linux-gnu/5.4.0/liblto_plugin.so -plugin-opt=/gcc-5.4.0/bin/../libexec/gcc/x86_64-unknown-linux-gnu/5.4.0/lto-wrapper -plugin-opt=-fresolution=/tmp/ccQj6c1u.res -plugin-opt=-pass-through=-lgcc_s -plugin-opt=-pass-through=-lgcc -plugin-opt=-pass-through=-lc -plugin-opt=-pass-through=-lgcc_s -plugin-opt=-pass-through=-lgcc --eh-frame-hdr -m elf_x86_64 -export-dynamic -dynamic-linker /lib64/ld-linux-x86-64.so.2 -o cmTC_454f7 /lib/../lib64/crt1.o /lib/../lib64/crti.o /gcc-5.4.0/bin/../lib/gcc/x86_64-unknown-linux-gnu/5.4.0/crtbegin.o -L/gcc-5.4.0/bin/../lib/gcc/x86_64-unknown-linux-gnu/5.4.0 -L/gcc-5.4.0/bin/../lib/gcc -L/gcc-5.4.0/bin/../lib/gcc/x86_64-unknown-linux-gnu/5.4.0/../../../../lib64 -L/lib/../lib64 -L/usr/lib/../lib64 -L/usr/local/cuda/lib64/stubs -L/gcc-5.4.0/bin/../lib/gcc/x86_64-unknown-linux-gnu/5.4.0/../../.. CMakeFiles/cmTC_454f7.dir/CMakeCXXCompilerABI.cpp.o -lstdc++ -lm -lgcc_s -lgcc -lc -lgcc_s -lgcc /gcc-5.4.0/bin/../lib/gcc/x86_64-unknown-linux-gnu/5.4.0/crtend.o /lib/../lib64/crtn.o]
    arg [/gcc-5.4.0/bin/../libexec/gcc/x86_64-unknown-linux-gnu/5.4.0/collect2] ==> ignore
    arg [-plugin] ==> ignore
    arg [/gcc-5.4.0/bin/../libexec/gcc/x86_64-unknown-linux-gnu/5.4.0/liblto_plugin.so] ==> ignore
    arg [-plugin-opt=/gcc-5.4.0/bin/../libexec/gcc/x86_64-unknown-linux-gnu/5.4.0/lto-wrapper] ==> ignore
    arg [-plugin-opt=-fresolution=/tmp/ccQj6c1u.res] ==> ignore
    arg [-plugin-opt=-pass-through=-lgcc_s] ==> ignore
    arg [-plugin-opt=-pass-through=-lgcc] ==> ignore
    arg [-plugin-opt=-pass-through=-lc] ==> ignore
    arg [-plugin-opt=-pass-through=-lgcc_s] ==> ignore
    arg [-plugin-opt=-pass-through=-lgcc] ==> ignore
    arg [--eh-frame-hdr] ==> ignore
    arg [-m] ==> ignore
    arg [elf_x86_64] ==> ignore
    arg [-export-dynamic] ==> ignore
    arg [-dynamic-linker] ==> ignore
    arg [/lib64/ld-linux-x86-64.so.2] ==> ignore
    arg [-o] ==> ignore
    arg [cmTC_454f7] ==> ignore
    arg [/lib/../lib64/crt1.o] ==> ignore
    arg [/lib/../lib64/crti.o] ==> ignore
    arg [/gcc-5.4.0/bin/../lib/gcc/x86_64-unknown-linux-gnu/5.4.0/crtbegin.o] ==> ignore
    arg [-L/gcc-5.4.0/bin/../lib/gcc/x86_64-unknown-linux-gnu/5.4.0] ==> dir [/gcc-5.4.0/bin/../lib/gcc/x86_64-unknown-linux-gnu/5.4.0]
    arg [-L/gcc-5.4.0/bin/../lib/gcc] ==> dir [/gcc-5.4.0/bin/../lib/gcc]
    arg [-L/gcc-5.4.0/bin/../lib/gcc/x86_64-unknown-linux-gnu/5.4.0/../../../../lib64] ==> dir [/gcc-5.4.0/bin/../lib/gcc/x86_64-unknown-linux-gnu/5.4.0/../../../../lib64]
    arg [-L/lib/../lib64] ==> dir [/lib/../lib64]
    arg [-L/usr/lib/../lib64] ==> dir [/usr/lib/../lib64]
    arg [-L/usr/local/cuda/lib64/stubs] ==> dir [/usr/local/cuda/lib64/stubs]
    arg [-L/gcc-5.4.0/bin/../lib/gcc/x86_64-unknown-linux-gnu/5.4.0/../../..] ==> dir [/gcc-5.4.0/bin/../lib/gcc/x86_64-unknown-linux-gnu/5.4.0/../../..]
    arg [CMakeFiles/cmTC_454f7.dir/CMakeCXXCompilerABI.cpp.o] ==> ignore
    arg [-lstdc++] ==> lib [stdc++]
    arg [-lm] ==> lib [m]
    arg [-lgcc_s] ==> lib [gcc_s]
    arg [-lgcc] ==> lib [gcc]
    arg [-lc] ==> lib [c]
    arg [-lgcc_s] ==> lib [gcc_s]
    arg [-lgcc] ==> lib [gcc]
    arg [/gcc-5.4.0/bin/../lib/gcc/x86_64-unknown-linux-gnu/5.4.0/crtend.o] ==> ignore
    arg [/lib/../lib64/crtn.o] ==> ignore
  collapse library dir [/gcc-5.4.0/bin/../lib/gcc/x86_64-unknown-linux-gnu/5.4.0] ==> [/gcc-5.4.0/lib/gcc/x86_64-unknown-linux-gnu/5.4.0]
  collapse library dir [/gcc-5.4.0/bin/../lib/gcc] ==> [/gcc-5.4.0/lib/gcc]
  collapse library dir [/gcc-5.4.0/bin/../lib/gcc/x86_64-unknown-linux-gnu/5.4.0/../../../../lib64] ==> [/gcc-5.4.0/lib64]
  collapse library dir [/lib/../lib64] ==> [/lib64]
  collapse library dir [/usr/lib/../lib64] ==> [/usr/lib64]
  collapse library dir [/usr/local/cuda/lib64/stubs] ==> [/usr/local/cuda/lib64/stubs]
  collapse library dir [/gcc-5.4.0/bin/../lib/gcc/x86_64-unknown-linux-gnu/5.4.0/../../..] ==> [/gcc-5.4.0/lib]
  implicit libs: [stdc++;m;gcc_s;gcc;c;gcc_s;gcc]
  implicit dirs: [/gcc-5.4.0/lib/gcc/x86_64-unknown-linux-gnu/5.4.0;/gcc-5.4.0/lib/gcc;/gcc-5.4.0/lib64;/lib64;/usr/lib64;/usr/local/cuda/lib64/stubs;/gcc-5.4.0/lib]
  implicit fwks: []




Detecting CXX [-std=c++1z] compiler features compiled with the following output:
Change Dir: /work/ai_arm_learning/x3/x3_inference/build/CMakeFiles/CMakeTmp

Run Build Command(s):/bin/gmake cmTC_aa7bf/fast 
/bin/gmake -f CMakeFiles/cmTC_aa7bf.dir/build.make CMakeFiles/cmTC_aa7bf.dir/build
gmake[1]: Entering directory '/work/ai_arm_learning/x3/x3_inference/build/CMakeFiles/CMakeTmp'
Building CXX object CMakeFiles/cmTC_aa7bf.dir/feature_tests.cxx.o
/bin/c++    -std=c++1z -o CMakeFiles/cmTC_aa7bf.dir/feature_tests.cxx.o -c /work/ai_arm_learning/x3/x3_inference/build/CMakeFiles/feature_tests.cxx
Linking CXX executable cmTC_aa7bf
/cmake-3.14.5-Linux-x86_64/bin/cmake -E cmake_link_script CMakeFiles/cmTC_aa7bf.dir/link.txt --verbose=1
/bin/c++       -rdynamic CMakeFiles/cmTC_aa7bf.dir/feature_tests.cxx.o  -o cmTC_aa7bf 
gmake[1]: Leaving directory '/work/ai_arm_learning/x3/x3_inference/build/CMakeFiles/CMakeTmp'


    Feature record: CXX_FEATURE:1cxx_aggregate_default_initializers
    Feature record: CXX_FEATURE:1cxx_alias_templates
    Feature record: CXX_FEATURE:1cxx_alignas
    Feature record: CXX_FEATURE:1cxx_alignof
    Feature record: CXX_FEATURE:1cxx_attributes
    Feature record: CXX_FEATURE:1cxx_attribute_deprecated
    Feature record: CXX_FEATURE:1cxx_auto_type
    Feature record: CXX_FEATURE:1cxx_binary_literals
    Feature record: CXX_FEATURE:1cxx_constexpr
    Feature record: CXX_FEATURE:1cxx_contextual_conversions
    Feature record: CXX_FEATURE:1cxx_decltype
    Feature record: CXX_FEATURE:1cxx_decltype_auto
    Feature record: CXX_FEATURE:1cxx_decltype_incomplete_return_types
    Feature record: CXX_FEATURE:1cxx_default_function_template_args
    Feature record: CXX_FEATURE:1cxx_defaulted_functions
    Feature record: CXX_FEATURE:1cxx_defaulted_move_initializers
    Feature record: CXX_FEATURE:1cxx_delegating_constructors
    Feature record: CXX_FEATURE:1cxx_deleted_functions
    Feature record: CXX_FEATURE:1cxx_digit_separators
    Feature record: CXX_FEATURE:1cxx_enum_forward_declarations
    Feature record: CXX_FEATURE:1cxx_explicit_conversions
    Feature record: CXX_FEATURE:1cxx_extended_friend_declarations
    Feature record: CXX_FEATURE:1cxx_extern_templates
    Feature record: CXX_FEATURE:1cxx_final
    Feature record: CXX_FEATURE:1cxx_func_identifier
    Feature record: CXX_FEATURE:1cxx_generalized_initializers
    Feature record: CXX_FEATURE:1cxx_generic_lambdas
    Feature record: CXX_FEATURE:1cxx_inheriting_constructors
    Feature record: CXX_FEATURE:1cxx_inline_namespaces
    Feature record: CXX_FEATURE:1cxx_lambdas
    Feature record: CXX_FEATURE:1cxx_lambda_init_captures
    Feature record: CXX_FEATURE:1cxx_local_type_template_args
    Feature record: CXX_FEATURE:1cxx_long_long_type
    Feature record: CXX_FEATURE:1cxx_noexcept
    Feature record: CXX_FEATURE:1cxx_nonstatic_member_init
    Feature record: CXX_FEATURE:1cxx_nullptr
    Feature record: CXX_FEATURE:1cxx_override
    Feature record: CXX_FEATURE:1cxx_range_for
    Feature record: CXX_FEATURE:1cxx_raw_string_literals
    Feature record: CXX_FEATURE:1cxx_reference_qualified_functions
    Feature record: CXX_FEATURE:1cxx_relaxed_constexpr
    Feature record: CXX_FEATURE:1cxx_return_type_deduction
    Feature record: CXX_FEATURE:1cxx_right_angle_brackets
    Feature record: CXX_FEATURE:1cxx_rvalue_references
    Feature record: CXX_FEATURE:1cxx_sizeof_member
    Feature record: CXX_FEATURE:1cxx_static_assert
    Feature record: CXX_FEATURE:1cxx_strong_enums
    Feature record: CXX_FEATURE:1cxx_template_template_parameters
    Feature record: CXX_FEATURE:1cxx_thread_local
    Feature record: CXX_FEATURE:1cxx_trailing_return_types
    Feature record: CXX_FEATURE:1cxx_unicode_literals
    Feature record: CXX_FEATURE:1cxx_uniform_initialization
    Feature record: CXX_FEATURE:1cxx_unrestricted_unions
    Feature record: CXX_FEATURE:1cxx_user_literals
    Feature record: CXX_FEATURE:1cxx_variable_templates
    Feature record: CXX_FEATURE:1cxx_variadic_macros
    Feature record: CXX_FEATURE:1cxx_variadic_templates


Detecting CXX [-std=c++14] compiler features compiled with the following output:
Change Dir: /work/ai_arm_learning/x3/x3_inference/build/CMakeFiles/CMakeTmp

Run Build Command(s):/bin/gmake cmTC_d18ec/fast 
/bin/gmake -f CMakeFiles/cmTC_d18ec.dir/build.make CMakeFiles/cmTC_d18ec.dir/build
gmake[1]: Entering directory '/work/ai_arm_learning/x3/x3_inference/build/CMakeFiles/CMakeTmp'
Building CXX object CMakeFiles/cmTC_d18ec.dir/feature_tests.cxx.o
/bin/c++    -std=c++14 -o CMakeFiles/cmTC_d18ec.dir/feature_tests.cxx.o -c /work/ai_arm_learning/x3/x3_inference/build/CMakeFiles/feature_tests.cxx
Linking CXX executable cmTC_d18ec
/cmake-3.14.5-Linux-x86_64/bin/cmake -E cmake_link_script CMakeFiles/cmTC_d18ec.dir/link.txt --verbose=1
/bin/c++       -rdynamic CMakeFiles/cmTC_d18ec.dir/feature_tests.cxx.o  -o cmTC_d18ec 
gmake[1]: Leaving directory '/work/ai_arm_learning/x3/x3_inference/build/CMakeFiles/CMakeTmp'


    Feature record: CXX_FEATURE:1cxx_aggregate_default_initializers
    Feature record: CXX_FEATURE:1cxx_alias_templates
    Feature record: CXX_FEATURE:1cxx_alignas
    Feature record: CXX_FEATURE:1cxx_alignof
    Feature record: CXX_FEATURE:1cxx_attributes
    Feature record: CXX_FEATURE:1cxx_attribute_deprecated
    Feature record: CXX_FEATURE:1cxx_auto_type
    Feature record: CXX_FEATURE:1cxx_binary_literals
    Feature record: CXX_FEATURE:1cxx_constexpr
    Feature record: CXX_FEATURE:1cxx_contextual_conversions
    Feature record: CXX_FEATURE:1cxx_decltype
    Feature record: CXX_FEATURE:1cxx_decltype_auto
    Feature record: CXX_FEATURE:1cxx_decltype_incomplete_return_types
    Feature record: CXX_FEATURE:1cxx_default_function_template_args
    Feature record: CXX_FEATURE:1cxx_defaulted_functions
    Feature record: CXX_FEATURE:1cxx_defaulted_move_initializers
    Feature record: CXX_FEATURE:1cxx_delegating_constructors
    Feature record: CXX_FEATURE:1cxx_deleted_functions
    Feature record: CXX_FEATURE:1cxx_digit_separators
    Feature record: CXX_FEATURE:1cxx_enum_forward_declarations
    Feature record: CXX_FEATURE:1cxx_explicit_conversions
    Feature record: CXX_FEATURE:1cxx_extended_friend_declarations
    Feature record: CXX_FEATURE:1cxx_extern_templates
    Feature record: CXX_FEATURE:1cxx_final
    Feature record: CXX_FEATURE:1cxx_func_identifier
    Feature record: CXX_FEATURE:1cxx_generalized_initializers
    Feature record: CXX_FEATURE:1cxx_generic_lambdas
    Feature record: CXX_FEATURE:1cxx_inheriting_constructors
    Feature record: CXX_FEATURE:1cxx_inline_namespaces
    Feature record: CXX_FEATURE:1cxx_lambdas
    Feature record: CXX_FEATURE:1cxx_lambda_init_captures
    Feature record: CXX_FEATURE:1cxx_local_type_template_args
    Feature record: CXX_FEATURE:1cxx_long_long_type
    Feature record: CXX_FEATURE:1cxx_noexcept
    Feature record: CXX_FEATURE:1cxx_nonstatic_member_init
    Feature record: CXX_FEATURE:1cxx_nullptr
    Feature record: CXX_FEATURE:1cxx_override
    Feature record: CXX_FEATURE:1cxx_range_for
    Feature record: CXX_FEATURE:1cxx_raw_string_literals
    Feature record: CXX_FEATURE:1cxx_reference_qualified_functions
    Feature record: CXX_FEATURE:1cxx_relaxed_constexpr
    Feature record: CXX_FEATURE:1cxx_return_type_deduction
    Feature record: CXX_FEATURE:1cxx_right_angle_brackets
    Feature record: CXX_FEATURE:1cxx_rvalue_references
    Feature record: CXX_FEATURE:1cxx_sizeof_member
    Feature record: CXX_FEATURE:1cxx_static_assert
    Feature record: CXX_FEATURE:1cxx_strong_enums
    Feature record: CXX_FEATURE:1cxx_template_template_parameters
    Feature record: CXX_FEATURE:1cxx_thread_local
    Feature record: CXX_FEATURE:1cxx_trailing_return_types
    Feature record: CXX_FEATURE:1cxx_unicode_literals
    Feature record: CXX_FEATURE:1cxx_uniform_initialization
    Feature record: CXX_FEATURE:1cxx_unrestricted_unions
    Feature record: CXX_FEATURE:1cxx_user_literals
    Feature record: CXX_FEATURE:1cxx_variable_templates
    Feature record: CXX_FEATURE:1cxx_variadic_macros
    Feature record: CXX_FEATURE:1cxx_variadic_templates


Detecting CXX [-std=c++11] compiler features compiled with the following output:
Change Dir: /work/ai_arm_learning/x3/x3_inference/build/CMakeFiles/CMakeTmp

Run Build Command(s):/bin/gmake cmTC_080d3/fast 
/bin/gmake -f CMakeFiles/cmTC_080d3.dir/build.make CMakeFiles/cmTC_080d3.dir/build
gmake[1]: Entering directory '/work/ai_arm_learning/x3/x3_inference/build/CMakeFiles/CMakeTmp'
Building CXX object CMakeFiles/cmTC_080d3.dir/feature_tests.cxx.o
/bin/c++    -std=c++11 -o CMakeFiles/cmTC_080d3.dir/feature_tests.cxx.o -c /work/ai_arm_learning/x3/x3_inference/build/CMakeFiles/feature_tests.cxx
Linking CXX executable cmTC_080d3
/cmake-3.14.5-Linux-x86_64/bin/cmake -E cmake_link_script CMakeFiles/cmTC_080d3.dir/link.txt --verbose=1
/bin/c++       -rdynamic CMakeFiles/cmTC_080d3.dir/feature_tests.cxx.o  -o cmTC_080d3 
gmake[1]: Leaving directory '/work/ai_arm_learning/x3/x3_inference/build/CMakeFiles/CMakeTmp'


    Feature record: CXX_FEATURE:0cxx_aggregate_default_initializers
    Feature record: CXX_FEATURE:1cxx_alias_templates
    Feature record: CXX_FEATURE:1cxx_alignas
    Feature record: CXX_FEATURE:1cxx_alignof
    Feature record: CXX_FEATURE:1cxx_attributes
    Feature record: CXX_FEATURE:0cxx_attribute_deprecated
    Feature record: CXX_FEATURE:1cxx_auto_type
    Feature record: CXX_FEATURE:0cxx_binary_literals
    Feature record: CXX_FEATURE:1cxx_constexpr
    Feature record: CXX_FEATURE:0cxx_contextual_conversions
    Feature record: CXX_FEATURE:1cxx_decltype
    Feature record: CXX_FEATURE:0cxx_decltype_auto
    Feature record: CXX_FEATURE:1cxx_decltype_incomplete_return_types
    Feature record: CXX_FEATURE:1cxx_default_function_template_args
    Feature record: CXX_FEATURE:1cxx_defaulted_functions
    Feature record: CXX_FEATURE:1cxx_defaulted_move_initializers
    Feature record: CXX_FEATURE:1cxx_delegating_constructors
    Feature record: CXX_FEATURE:1cxx_deleted_functions
    Feature record: CXX_FEATURE:0cxx_digit_separators
    Feature record: CXX_FEATURE:1cxx_enum_forward_declarations
    Feature record: CXX_FEATURE:1cxx_explicit_conversions
    Feature record: CXX_FEATURE:1cxx_extended_friend_declarations
    Feature record: CXX_FEATURE:1cxx_extern_templates
    Feature record: CXX_FEATURE:1cxx_final
    Feature record: CXX_FEATURE:1cxx_func_identifier
    Feature record: CXX_FEATURE:1cxx_generalized_initializers
    Feature record: CXX_FEATURE:0cxx_generic_lambdas
    Feature record: CXX_FEATURE:1cxx_inheriting_constructors
    Feature record: CXX_FEATURE:1cxx_inline_namespaces
    Feature record: CXX_FEATURE:1cxx_lambdas
    Feature record: CXX_FEATURE:0cxx_lambda_init_captures
    Feature record: CXX_FEATURE:1cxx_local_type_template_args
    Feature record: CXX_FEATURE:1cxx_long_long_type
    Feature record: CXX_FEATURE:1cxx_noexcept
    Feature record: CXX_FEATURE:1cxx_nonstatic_member_init
    Feature record: CXX_FEATURE:1cxx_nullptr
    Feature record: CXX_FEATURE:1cxx_override
    Feature record: CXX_FEATURE:1cxx_range_for
    Feature record: CXX_FEATURE:1cxx_raw_string_literals
    Feature record: CXX_FEATURE:1cxx_reference_qualified_functions
    Feature record: CXX_FEATURE:0cxx_relaxed_constexpr
    Feature record: CXX_FEATURE:0cxx_return_type_deduction
    Feature record: CXX_FEATURE:1cxx_right_angle_brackets
    Feature record: CXX_FEATURE:1cxx_rvalue_references
    Feature record: CXX_FEATURE:1cxx_sizeof_member
    Feature record: CXX_FEATURE:1cxx_static_assert
    Feature record: CXX_FEATURE:1cxx_strong_enums
    Feature record: CXX_FEATURE:1cxx_template_template_parameters
    Feature record: CXX_FEATURE:1cxx_thread_local
    Feature record: CXX_FEATURE:1cxx_trailing_return_types
    Feature record: CXX_FEATURE:1cxx_unicode_literals
    Feature record: CXX_FEATURE:1cxx_uniform_initialization
    Feature record: CXX_FEATURE:1cxx_unrestricted_unions
    Feature record: CXX_FEATURE:1cxx_user_literals
    Feature record: CXX_FEATURE:0cxx_variable_templates
    Feature record: CXX_FEATURE:1cxx_variadic_macros
    Feature record: CXX_FEATURE:1cxx_variadic_templates


Detecting CXX [-std=c++98] compiler features compiled with the following output:
Change Dir: /work/ai_arm_learning/x3/x3_inference/build/CMakeFiles/CMakeTmp

Run Build Command(s):/bin/gmake cmTC_defd6/fast 
/bin/gmake -f CMakeFiles/cmTC_defd6.dir/build.make CMakeFiles/cmTC_defd6.dir/build
gmake[1]: Entering directory '/work/ai_arm_learning/x3/x3_inference/build/CMakeFiles/CMakeTmp'
Building CXX object CMakeFiles/cmTC_defd6.dir/feature_tests.cxx.o
/bin/c++    -std=c++98 -o CMakeFiles/cmTC_defd6.dir/feature_tests.cxx.o -c /work/ai_arm_learning/x3/x3_inference/build/CMakeFiles/feature_tests.cxx
Linking CXX executable cmTC_defd6
/cmake-3.14.5-Linux-x86_64/bin/cmake -E cmake_link_script CMakeFiles/cmTC_defd6.dir/link.txt --verbose=1
/bin/c++       -rdynamic CMakeFiles/cmTC_defd6.dir/feature_tests.cxx.o  -o cmTC_defd6 
gmake[1]: Leaving directory '/work/ai_arm_learning/x3/x3_inference/build/CMakeFiles/CMakeTmp'


    Feature record: CXX_FEATURE:0cxx_aggregate_default_initializers
    Feature record: CXX_FEATURE:0cxx_alias_templates
    Feature record: CXX_FEATURE:0cxx_alignas
    Feature record: CXX_FEATURE:0cxx_alignof
    Feature record: CXX_FEATURE:0cxx_attributes
    Feature record: CXX_FEATURE:0cxx_attribute_deprecated
    Feature record: CXX_FEATURE:0cxx_auto_type
    Feature record: CXX_FEATURE:0cxx_binary_literals
    Feature record: CXX_FEATURE:0cxx_constexpr
    Feature record: CXX_FEATURE:0cxx_contextual_conversions
    Feature record: CXX_FEATURE:0cxx_decltype
    Feature record: CXX_FEATURE:0cxx_decltype_auto
    Feature record: CXX_FEATURE:0cxx_decltype_incomplete_return_types
    Feature record: CXX_FEATURE:0cxx_default_function_template_args
    Feature record: CXX_FEATURE:0cxx_defaulted_functions
    Feature record: CXX_FEATURE:0cxx_defaulted_move_initializers
    Feature record: CXX_FEATURE:0cxx_delegating_constructors
    Feature record: CXX_FEATURE:0cxx_deleted_functions
    Feature record: CXX_FEATURE:0cxx_digit_separators
    Feature record: CXX_FEATURE:0cxx_enum_forward_declarations
    Feature record: CXX_FEATURE:0cxx_explicit_conversions
    Feature record: CXX_FEATURE:0cxx_extended_friend_declarations
    Feature record: CXX_FEATURE:0cxx_extern_templates
    Feature record: CXX_FEATURE:0cxx_final
    Feature record: CXX_FEATURE:0cxx_func_identifier
    Feature record: CXX_FEATURE:0cxx_generalized_initializers
    Feature record: CXX_FEATURE:0cxx_generic_lambdas
    Feature record: CXX_FEATURE:0cxx_inheriting_constructors
    Feature record: CXX_FEATURE:0cxx_inline_namespaces
    Feature record: CXX_FEATURE:0cxx_lambdas
    Feature record: CXX_FEATURE:0cxx_lambda_init_captures
    Feature record: CXX_FEATURE:0cxx_local_type_template_args
    Feature record: CXX_FEATURE:0cxx_long_long_type
    Feature record: CXX_FEATURE:0cxx_noexcept
    Feature record: CXX_FEATURE:0cxx_nonstatic_member_init
    Feature record: CXX_FEATURE:0cxx_nullptr
    Feature record: CXX_FEATURE:0cxx_override
    Feature record: CXX_FEATURE:0cxx_range_for
    Feature record: CXX_FEATURE:0cxx_raw_string_literals
    Feature record: CXX_FEATURE:0cxx_reference_qualified_functions
    Feature record: CXX_FEATURE:0cxx_relaxed_constexpr
    Feature record: CXX_FEATURE:0cxx_return_type_deduction
    Feature record: CXX_FEATURE:0cxx_right_angle_brackets
    Feature record: CXX_FEATURE:0cxx_rvalue_references
    Feature record: CXX_FEATURE:0cxx_sizeof_member
    Feature record: CXX_FEATURE:0cxx_static_assert
    Feature record: CXX_FEATURE:0cxx_strong_enums
    Feature record: CXX_FEATURE:1cxx_template_template_parameters
    Feature record: CXX_FEATURE:0cxx_thread_local
    Feature record: CXX_FEATURE:0cxx_trailing_return_types
    Feature record: CXX_FEATURE:0cxx_unicode_literals
    Feature record: CXX_FEATURE:0cxx_uniform_initialization
    Feature record: CXX_FEATURE:0cxx_unrestricted_unions
    Feature record: CXX_FEATURE:0cxx_user_literals
    Feature record: CXX_FEATURE:0cxx_variable_templates
    Feature record: CXX_FEATURE:0cxx_variadic_macros
    Feature record: CXX_FEATURE:0cxx_variadic_templates
